<?xml version="1.0" encoding="UTF-8"?>
<testng-results total="6" passed="2" failed="1" skipped="3">
  <reporter-output>
  </reporter-output>
  <suite started-at="2018-04-03T20:25:29Z" name="Suite" finished-at="2018-04-03T20:26:58Z" duration-ms="88817">
    <groups>
    </groups>
    <test started-at="2018-04-03T20:25:29Z" name="Safaribroswer" finished-at="2018-04-03T20:25:41Z" duration-ms="11831">
      <class name="com.ProjectSpecificLibrary.MultiBrowser">
        <test-method is-config="true" signature="beforeClass(java.lang.String)[pri:0, instance:com.ProjectSpecificLibrary.MultiBrowser@7c6908d7]" started-at="2018-04-03T13:25:30Z" name="beforeClass" finished-at="2018-04-03T13:25:30Z" duration-ms="0" status="FAIL">
          <params>
            <param index="0">
              <value>
                <![CDATA[Safari]]>
              </value>
            </param>
          </params>
          <exception class="org.openqa.selenium.remote.UnreachableBrowserException">
            <message>
              <![CDATA[Failed to connect to SafariDriver after 10256 ms
Build info: version: '2.48.2', revision: '41bccdd', time: '2015-10-09 19:59:12'
System info: host: 'Nikhileshs-MacBook.local', ip: '10.1.10.161', os.name: 'Mac OS X', os.arch: 'x86_64', os.version: '10.10.5', java.version: '9.0.4'
Driver info: driver.version: SafariDriver]]>
            </message>
            <full-stacktrace>
              <![CDATA[org.openqa.selenium.remote.UnreachableBrowserException: Failed to connect to SafariDriver after 10256 ms
Build info: version: '2.48.2', revision: '41bccdd', time: '2015-10-09 19:59:12'
System info: host: 'Nikhileshs-MacBook.local', ip: '10.1.10.161', os.name: 'Mac OS X', os.arch: 'x86_64', os.version: '10.10.5', java.version: '9.0.4'
Driver info: driver.version: SafariDriver
	at org.openqa.selenium.safari.SafariDriverCommandExecutor.start(SafariDriverCommandExecutor.java:121)
	at org.openqa.selenium.safari.SafariDriver.startClient(SafariDriver.java:76)
	at org.openqa.selenium.remote.RemoteWebDriver.<init>(RemoteWebDriver.java:117)
	at org.openqa.selenium.remote.RemoteWebDriver.<init>(RemoteWebDriver.java:142)
	at org.openqa.selenium.safari.SafariDriver.<init>(SafariDriver.java:62)
	at org.openqa.selenium.safari.SafariDriver.<init>(SafariDriver.java:42)
	at com.ProjectSpecificLibrary.MultiBrowser.beforeClass(MultiBrowser.java:35)
	at java.base/jdk.internal.reflect.NativeMethodAccessorImpl.invoke0(Native Method)
	at java.base/jdk.internal.reflect.NativeMethodAccessorImpl.invoke(NativeMethodAccessorImpl.java:62)
	at java.base/jdk.internal.reflect.DelegatingMethodAccessorImpl.invoke(DelegatingMethodAccessorImpl.java:43)
	at java.base/java.lang.reflect.Method.invoke(Method.java:564)
	at org.testng.internal.MethodInvocationHelper.invokeMethod(MethodInvocationHelper.java:85)
	at org.testng.internal.Invoker.invokeConfigurationMethod(Invoker.java:510)
	at org.testng.internal.Invoker.invokeConfigurations(Invoker.java:211)
	at org.testng.internal.Invoker.invokeConfigurations(Invoker.java:138)
	at org.testng.internal.TestMethodWorker.invokeBeforeClassMethods(TestMethodWorker.java:170)
	at org.testng.internal.TestMethodWorker.run(TestMethodWorker.java:104)
	at org.testng.TestRunner.privateRun(TestRunner.java:773)
	at org.testng.TestRunner.run(TestRunner.java:623)
	at org.testng.SuiteRunner.runTest(SuiteRunner.java:357)
	at org.testng.SuiteRunner.runSequentially(SuiteRunner.java:352)
	at org.testng.SuiteRunner.privateRun(SuiteRunner.java:310)
	at org.testng.SuiteRunner.run(SuiteRunner.java:259)
	at org.testng.SuiteRunnerWorker.runSuite(SuiteRunnerWorker.java:52)
	at org.testng.SuiteRunnerWorker.run(SuiteRunnerWorker.java:86)
	at org.testng.TestNG.runSuitesSequentially(TestNG.java:1185)
	at org.testng.TestNG.runSuitesLocally(TestNG.java:1110)
	at org.testng.TestNG.run(TestNG.java:1018)
	at org.testng.remote.AbstractRemoteTestNG.run(AbstractRemoteTestNG.java:114)
	at org.testng.remote.RemoteTestNG.initAndRun(RemoteTestNG.java:251)
	at org.testng.remote.RemoteTestNG.main(RemoteTestNG.java:77)
]]>
            </full-stacktrace>
          </exception> <!-- org.openqa.selenium.remote.UnreachableBrowserException -->
          <reporter-output>
          </reporter-output>
        </test-method> <!-- beforeClass -->
        <test-method signature="search()[pri:0, instance:com.ProjectSpecificLibrary.MultiBrowser@7c6908d7]" started-at="2018-04-03T13:25:41Z" name="search" finished-at="2018-04-03T13:25:41Z" duration-ms="6" status="SKIP">
          <reporter-output>
          </reporter-output>
        </test-method> <!-- search -->
        <test-method signature="addToCart()[pri:0, instance:com.ProjectSpecificLibrary.MultiBrowser@7c6908d7]" started-at="2018-04-03T13:25:41Z" name="addToCart" finished-at="2018-04-03T13:25:41Z" duration-ms="3" status="SKIP">
          <reporter-output>
          </reporter-output>
        </test-method> <!-- addToCart -->
        <test-method signature="submenuCake()[pri:0, instance:com.ProjectSpecificLibrary.MultiBrowser@7c6908d7]" started-at="2018-04-03T13:25:41Z" name="submenuCake" finished-at="2018-04-03T13:25:41Z" duration-ms="12" status="SKIP">
          <reporter-output>
          </reporter-output>
        </test-method> <!-- submenuCake -->
        <test-method is-config="true" signature="closeBrowser()[pri:0, instance:com.ProjectSpecificLibrary.MultiBrowser@7c6908d7]" started-at="2018-04-03T13:25:41Z" name="closeBrowser" finished-at="2018-04-03T13:25:41Z" duration-ms="0" status="SKIP">
          <reporter-output>
          </reporter-output>
        </test-method> <!-- closeBrowser -->
      </class> <!-- com.ProjectSpecificLibrary.MultiBrowser -->
    </test> <!-- Safaribroswer -->
    <test started-at="2018-04-03T20:25:41Z" name="Chromebroswer" finished-at="2018-04-03T20:26:58Z" duration-ms="76807">
      <class name="com.ProjectSpecificLibrary.MultiBrowser">
        <test-method is-config="true" signature="beforeClass(java.lang.String)[pri:0, instance:com.ProjectSpecificLibrary.MultiBrowser@7c9d8e2]" started-at="2018-04-03T13:25:41Z" name="beforeClass" finished-at="2018-04-03T13:26:03Z" duration-ms="21692" status="PASS">
          <params>
            <param index="0">
              <value>
                <![CDATA[Chrome]]>
              </value>
            </param>
          </params>
          <reporter-output>
          </reporter-output>
        </test-method> <!-- beforeClass -->
        <test-method signature="search()[pri:0, instance:com.ProjectSpecificLibrary.MultiBrowser@7c9d8e2]" started-at="2018-04-03T13:26:03Z" name="search" finished-at="2018-04-03T13:26:12Z" duration-ms="9060" status="PASS">
          <reporter-output>
          </reporter-output>
        </test-method> <!-- search -->
        <test-method signature="addToCart()[pri:0, instance:com.ProjectSpecificLibrary.MultiBrowser@7c9d8e2]" started-at="2018-04-03T13:26:12Z" name="addToCart" finished-at="2018-04-03T13:26:50Z" duration-ms="37524" status="FAIL">
          <exception class="org.openqa.selenium.NoSuchElementException">
            <message>
              <![CDATA[no such element: Unable to locate element: {"method":"xpath","selector":"//*[@id="top"]/body/div[6]/div[1]/table/tbody/tr[2]/td[2]"}
  (Session info: chrome=65.0.3325.181)
  (Driver info: chromedriver=2.35.528157 (4429ca2590d6988c0745c24c8858745aaaec01ef),platform=Mac OS X 10.10.5 x86_64) (WARNING: The server did not provide any stacktrace information)
Command duration or timeout: 30.04 seconds
For documentation on this error, please visit: http://seleniumhq.org/exceptions/no_such_element.html
Build info: version: '2.48.2', revision: '41bccdd', time: '2015-10-09 19:59:12'
System info: host: 'Nikhileshs-MacBook.local', ip: '10.1.10.161', os.name: 'Mac OS X', os.arch: 'x86_64', os.version: '10.10.5', java.version: '9.0.4'
Driver info: org.openqa.selenium.chrome.ChromeDriver
Capabilities [{applicationCacheEnabled=false, rotatable=false, mobileEmulationEnabled=false, networkConnectionEnabled=false, chrome={chromedriverVersion=2.35.528157 (4429ca2590d6988c0745c24c8858745aaaec01ef), userDataDir=/var/folders/0r/725ws35n1fdbkf4365ty5gfw0000gn/T/.org.chromium.Chromium.s6sWuj}, takesHeapSnapshot=true, pageLoadStrategy=normal, databaseEnabled=false, handlesAlerts=true, hasTouchScreen=false, version=65.0.3325.181, platform=MAC, browserConnectionEnabled=false, nativeEvents=true, acceptSslCerts=false, acceptInsecureCerts=false, locationContextEnabled=true, webStorageEnabled=true, browserName=chrome, takesScreenshot=true, javascriptEnabled=true, cssSelectorsEnabled=true, setWindowRect=true, unexpectedAlertBehaviour=}]
Session ID: 5dd4609bef7657f216cb8424eb26b4c0
*** Element info: {Using=xpath, value=//*[@id="top"]/body/div[6]/div[1]/table/tbody/tr[2]/td[2]}]]>
            </message>
            <full-stacktrace>
              <![CDATA[org.openqa.selenium.NoSuchElementException: no such element: Unable to locate element: {"method":"xpath","selector":"//*[@id="top"]/body/div[6]/div[1]/table/tbody/tr[2]/td[2]"}
  (Session info: chrome=65.0.3325.181)
  (Driver info: chromedriver=2.35.528157 (4429ca2590d6988c0745c24c8858745aaaec01ef),platform=Mac OS X 10.10.5 x86_64) (WARNING: The server did not provide any stacktrace information)
Command duration or timeout: 30.04 seconds
For documentation on this error, please visit: http://seleniumhq.org/exceptions/no_such_element.html
Build info: version: '2.48.2', revision: '41bccdd', time: '2015-10-09 19:59:12'
System info: host: 'Nikhileshs-MacBook.local', ip: '10.1.10.161', os.name: 'Mac OS X', os.arch: 'x86_64', os.version: '10.10.5', java.version: '9.0.4'
Driver info: org.openqa.selenium.chrome.ChromeDriver
Capabilities [{applicationCacheEnabled=false, rotatable=false, mobileEmulationEnabled=false, networkConnectionEnabled=false, chrome={chromedriverVersion=2.35.528157 (4429ca2590d6988c0745c24c8858745aaaec01ef), userDataDir=/var/folders/0r/725ws35n1fdbkf4365ty5gfw0000gn/T/.org.chromium.Chromium.s6sWuj}, takesHeapSnapshot=true, pageLoadStrategy=normal, databaseEnabled=false, handlesAlerts=true, hasTouchScreen=false, version=65.0.3325.181, platform=MAC, browserConnectionEnabled=false, nativeEvents=true, acceptSslCerts=false, acceptInsecureCerts=false, locationContextEnabled=true, webStorageEnabled=true, browserName=chrome, takesScreenshot=true, javascriptEnabled=true, cssSelectorsEnabled=true, setWindowRect=true, unexpectedAlertBehaviour=}]
Session ID: 5dd4609bef7657f216cb8424eb26b4c0
*** Element info: {Using=xpath, value=//*[@id="top"]/body/div[6]/div[1]/table/tbody/tr[2]/td[2]}
	at java.base/jdk.internal.reflect.NativeConstructorAccessorImpl.newInstance0(Native Method)
	at java.base/jdk.internal.reflect.NativeConstructorAccessorImpl.newInstance(NativeConstructorAccessorImpl.java:62)
	at java.base/jdk.internal.reflect.DelegatingConstructorAccessorImpl.newInstance(DelegatingConstructorAccessorImpl.java:45)
	at java.base/java.lang.reflect.Constructor.newInstance(Constructor.java:488)
	at org.openqa.selenium.remote.ErrorHandler.createThrowable(ErrorHandler.java:206)
	at org.openqa.selenium.remote.ErrorHandler.throwIfResponseFailed(ErrorHandler.java:158)
	at org.openqa.selenium.remote.RemoteWebDriver.execute(RemoteWebDriver.java:647)
	at org.openqa.selenium.remote.RemoteWebDriver.findElement(RemoteWebDriver.java:353)
	at org.openqa.selenium.remote.RemoteWebDriver.findElementByXPath(RemoteWebDriver.java:490)
	at org.openqa.selenium.By$ByXPath.findElement(By.java:361)
	at org.openqa.selenium.remote.RemoteWebDriver.findElement(RemoteWebDriver.java:345)
	at com.ProjectSpecificLibrary.MultiBrowser.addToCart(MultiBrowser.java:93)
	at java.base/jdk.internal.reflect.NativeMethodAccessorImpl.invoke0(Native Method)
	at java.base/jdk.internal.reflect.NativeMethodAccessorImpl.invoke(NativeMethodAccessorImpl.java:62)
	at java.base/jdk.internal.reflect.DelegatingMethodAccessorImpl.invoke(DelegatingMethodAccessorImpl.java:43)
	at java.base/java.lang.reflect.Method.invoke(Method.java:564)
	at org.testng.internal.MethodInvocationHelper.invokeMethod(MethodInvocationHelper.java:85)
	at org.testng.internal.Invoker.invokeMethod(Invoker.java:639)
	at org.testng.internal.Invoker.invokeTestMethod(Invoker.java:821)
	at org.testng.internal.Invoker.invokeTestMethods(Invoker.java:1131)
	at org.testng.internal.TestMethodWorker.invokeTestMethods(TestMethodWorker.java:124)
	at org.testng.internal.TestMethodWorker.run(TestMethodWorker.java:108)
	at org.testng.TestRunner.privateRun(TestRunner.java:773)
	at org.testng.TestRunner.run(TestRunner.java:623)
	at org.testng.SuiteRunner.runTest(SuiteRunner.java:357)
	at org.testng.SuiteRunner.runSequentially(SuiteRunner.java:352)
	at org.testng.SuiteRunner.privateRun(SuiteRunner.java:310)
	at org.testng.SuiteRunner.run(SuiteRunner.java:259)
	at org.testng.SuiteRunnerWorker.runSuite(SuiteRunnerWorker.java:52)
	at org.testng.SuiteRunnerWorker.run(SuiteRunnerWorker.java:86)
	at org.testng.TestNG.runSuitesSequentially(TestNG.java:1185)
	at org.testng.TestNG.runSuitesLocally(TestNG.java:1110)
	at org.testng.TestNG.run(TestNG.java:1018)
	at org.testng.remote.AbstractRemoteTestNG.run(AbstractRemoteTestNG.java:114)
	at org.testng.remote.RemoteTestNG.initAndRun(RemoteTestNG.java:251)
	at org.testng.remote.RemoteTestNG.main(RemoteTestNG.java:77)
]]>
            </full-stacktrace>
          </exception> <!-- org.openqa.selenium.NoSuchElementException -->
          <reporter-output>
          </reporter-output>
        </test-method> <!-- addToCart -->
        <test-method signature="submenuCake()[pri:0, instance:com.ProjectSpecificLibrary.MultiBrowser@7c9d8e2]" started-at="2018-04-03T13:26:50Z" name="submenuCake" finished-at="2018-04-03T13:26:58Z" duration-ms="7935" status="PASS">
          <reporter-output>
          </reporter-output>
        </test-method> <!-- submenuCake -->
        <test-method is-config="true" signature="closeBrowser()[pri:0, instance:com.ProjectSpecificLibrary.MultiBrowser@7c9d8e2]" started-at="2018-04-03T13:26:58Z" name="closeBrowser" finished-at="2018-04-03T13:26:58Z" duration-ms="568" status="PASS">
          <reporter-output>
          </reporter-output>
        </test-method> <!-- closeBrowser -->
      </class> <!-- com.ProjectSpecificLibrary.MultiBrowser -->
    </test> <!-- Chromebroswer -->
  </suite> <!-- Suite -->
</testng-results>
