<?xml version="1.0" encoding="UTF-8"?>
<!-- Generated by org.testng.reporters.JUnitXMLReporter -->
<testsuite hostname="Nikhileshs-MacBook.local" failures="0" tests="3" name="Safaribroswer" time="11.831" errors="0" timestamp="3 Apr 2018 20:25:41 GMT">
  <testcase classname="com.ProjectSpecificLibrary.MultiBrowser" name="@BeforeClass beforeClass" time="0.0">
    <failure type="org.openqa.selenium.remote.UnreachableBrowserException" message="Failed to connect to SafariDriver after 10256 ms
Build info: version: &amp;apos;2.48.2&amp;apos;, revision: &amp;apos;41bccdd&amp;apos;, time: &amp;apos;2015-10-09 19:59:12&amp;apos;
System info: host: &amp;apos;Nikhileshs-MacBook.local&amp;apos;, ip: &amp;apos;10.1.10.161&amp;apos;, os.name: &amp;apos;Mac OS X&amp;apos;, os.arch: &amp;apos;x86_64&amp;apos;, os.version: &amp;apos;10.10.5&amp;apos;, java.version: &amp;apos;9.0.4&amp;apos;
Driver info: driver.version: SafariDriver">
      <![CDATA[org.openqa.selenium.remote.UnreachableBrowserException: Failed to connect to SafariDriver after 10256 ms
Build info: version: '2.48.2', revision: '41bccdd', time: '2015-10-09 19:59:12'
System info: host: 'Nikhileshs-MacBook.local', ip: '10.1.10.161', os.name: 'Mac OS X', os.arch: 'x86_64', os.version: '10.10.5', java.version: '9.0.4'
Driver info: driver.version: SafariDriver
	at org.openqa.selenium.safari.SafariDriverCommandExecutor.start(SafariDriverCommandExecutor.java:121)
	at org.openqa.selenium.safari.SafariDriver.startClient(SafariDriver.java:76)
	at org.openqa.selenium.remote.RemoteWebDriver.<init>(RemoteWebDriver.java:117)
	at org.openqa.selenium.remote.RemoteWebDriver.<init>(RemoteWebDriver.java:142)
	at org.openqa.selenium.safari.SafariDriver.<init>(SafariDriver.java:62)
	at org.openqa.selenium.safari.SafariDriver.<init>(SafariDriver.java:42)
	at com.ProjectSpecificLibrary.MultiBrowser.beforeClass(MultiBrowser.java:35)
... Removed 24 stack frames]]>
    </failure>
  </testcase> <!-- @BeforeClass beforeClass -->
  <testcase classname="com.ProjectSpecificLibrary.MultiBrowser" name="@AfterTest closeBrowser" time="0.0">
    <skipped/>
  </testcase> <!-- @AfterTest closeBrowser -->
  <testcase classname="com.ProjectSpecificLibrary.MultiBrowser" name="search" time="0.006">
    <skipped/>
  </testcase> <!-- search -->
  <testcase classname="com.ProjectSpecificLibrary.MultiBrowser" name="addToCart" time="0.003">
    <skipped/>
  </testcase> <!-- addToCart -->
  <testcase classname="com.ProjectSpecificLibrary.MultiBrowser" name="submenuCake" time="0.012">
    <skipped/>
  </testcase> <!-- submenuCake -->
</testsuite> <!-- Safaribroswer -->
